C51 COMPILER V9.59.0.0   UART                                                              05/20/2019 08:42:27 PAGE 1   


C51 COMPILER V9.59.0.0, COMPILATION OF MODULE UART
OBJECT MODULE PLACED IN .\Objects\uart.obj
COMPILER INVOKED BY: D:\Program Files\Keil-C51\C51\BIN\C51.EXE uart.c OPTIMIZE(8,SPEED) BROWSE DEBUG OBJECTEXTEND PRINT(
                    -.\Listings\uart.lst) TABS(2) OBJECT(.\Objects\uart.obj)

line level    source

   1          #include"uart.h"
   2          #include"delay.h"
   3          void UART_Init(unsigned char TH){
   4   1        TMOD=0x22; // timer 1 in mode 2 (8-bit auto-reload) to set baud rate
   5   1        TH1=TH;
   6   1        SCON=0x50;
   7   1        TR1=1;
   8   1      }
   9          void UART_TxChar(char ch){
  10   1        SBUF=ch;
  11   1        while(TI==0);
  12   1        TI=0;
  13   1      }
  14          //char UART_RxChar(){
  15          //  char dat;
  16          //  while(RI==0);
  17          //  RI=0;
  18          //  dat=SBUF;
  19          //  return dat;
  20          //}
  21          void UART_TxString(char* str){
  22   1        while(*str){
  23   2          ms_Delay(1);
  24   2          UART_TxChar(*str++);
  25   2        }
  26   1      }
  27            


MODULE INFORMATION:   STATIC OVERLAYABLE
   CODE SIZE        =     67    ----
   CONSTANT SIZE    =   ----    ----
   XDATA SIZE       =   ----    ----
   PDATA SIZE       =   ----    ----
   DATA SIZE        =   ----       3
   IDATA SIZE       =   ----    ----
   BIT SIZE         =   ----    ----
END OF MODULE INFORMATION.


C51 COMPILATION COMPLETE.  0 WARNING(S),  0 ERROR(S)
